Arguments: 
  C:\Program Files\nodejs\node.exe C:\Users\David\AppData\Roaming\npm\node_modules\yarn\bin\yarn.js add ../

PATH: 
  C:\Program Files (x86)\Intel\Intel(R) Management Engine Components\iCLS\;C:\Program Files\Intel\Intel(R) Management Engine Components\iCLS\;C:\windows\system32;C:\windows;C:\windows\System32\Wbem;C:\windows\System32\WindowsPowerShell\v1.0\;C:\windows\System32\OpenSSH\;C:\Program Files (x86)\Intel\Intel(R) Management Engine Components\DAL;C:\Program Files\Intel\Intel(R) Management Engine Components\DAL;C:\Program Files (x86)\Intel\Intel(R) Management Engine Components\IPT;C:\Program Files\Intel\Intel(R) Management Engine Components\IPT;C:\Program Files (x86)\NVIDIA Corporation\PhysX\Common;C:\WINDOWS\system32;C:\WINDOWS;C:\WINDOWS\System32\Wbem;C:\WINDOWS\System32\WindowsPowerShell\v1.0\;C:\WINDOWS\System32\OpenSSH\;C:\Program Files (x86)\HP\Common\HPDestPlgIn\;C:\Program Files\dotnet\;C:\Program Files\nodejs\;C:\Users\David\.cargo\bin;C:\Users\David\AppData\Local\Microsoft\WindowsApps;C:\Users\David\AppData\Local\Programs\Microsoft VS Code\bin;C:\Users\David\AppData\Local\GitHubDesktop\bin;C:\Users\David\AppData\Local\Programs\Git\cmd;C:\Users\David\AppData\Roaming\npm

Yarn version: 
  1.22.19

Node version: 
  16.17.1

Platform: 
  win32 x64

Trace: 
  Error: EINVAL: invalid argument, mkdir 'C:\Users\David\AppData\Local\Yarn\Cache\v6\npm-sers-avid-ocuments-0.0.0-c001b0fb-314e-4607-a1cf-f8bf19d3d09a-1668097206941\node_modules\C:\Users\David\Documents'

npm manifest: 
  {
    "name": "cryptor",
    "version": "1.0.0",
    "description": "Source code of cryptor package",
    "main": "dist/index.js",
    "repository": "https://github.com/Greensky-gs/cryptor",
    "author": "Greensky <david.hesliere@gmail.com>",
    "license": "MIT",
    "devDependencies": {
      "prettier": "^2.7.1",
      "tsc": "^2.0.4",
      "typescript": "^4.8.4"
    },
    "scripts": {
      "build": "tsc -b"
    },
    "files": [
      "dist"
    ],
    "exports": {
      ".": {
        "require": "./dist/index.js",
        "import": "./dist/index.mjs"
      },
      "./src/*": "./dist/*",
      "./dist/*": "./dist/*"
    },
    "module": "dist/index.mjs",
    "bugs": {
      "url": "https://github.com/Greensky-gs/cryptor/issues"
    },
    "keywords": [
      "cryptor",
      "cipher"
    ]
  }

yarn manifest: 
  No manifest

Lockfile: 
  # THIS IS AN AUTOGENERATED FILE. DO NOT EDIT THIS FILE DIRECTLY.
  # yarn lockfile v1
  
  
  prettier@^2.7.1:
    version "2.7.1"
    resolved "https://registry.yarnpkg.com/prettier/-/prettier-2.7.1.tgz#e235806850d057f97bb08368a4f7d899f7760c64"
    integrity sha512-ujppO+MkdPqoVINuDFDRLClm7D78qbDt0/NR+wp5FqEZOoTNAjPHWj17QRhu7geIHJfcNhRk1XVQmF8Bp3ye+g==
  
  tsc@^2.0.4:
    version "2.0.4"
    resolved "https://registry.yarnpkg.com/tsc/-/tsc-2.0.4.tgz#5f6499146abea5dca4420b451fa4f2f9345238f5"
    integrity sha512-fzoSieZI5KKJVBYGvwbVZs/J5za84f2lSTLPYf6AGiIf43tZ3GNrI1QzTLcjtyDDP4aLxd46RTZq1nQxe7+k5Q==
  
  typescript@^4.8.4:
    version "4.8.4"
    resolved "https://registry.yarnpkg.com/typescript/-/typescript-4.8.4.tgz#c464abca159669597be5f96b8943500b238e60e6"
    integrity sha512-QCh+85mCy+h0IGff8r5XWzOVSbBO+KfeYrMQh7NJ58QujwcE22u+NUSmUxqF+un70P9GXKxa2HCNiTTMJknyjQ==
